{"/Users/jiaweibai/Desktop/practice/jevon-utils/src/index.ts": {"path":"/Users/jiaweibai/Desktop/practice/jevon-utils/src/index.ts","statementMap":{"0":{"start":{"line":1,"column":0},"end":{"line":1,"column":21}},"1":{"start":{"line":2,"column":0},"end":{"line":2,"column":24}},"2":{"start":{"line":3,"column":0},"end":{"line":3,"column":22}}},"fnMap":{},"branchMap":{},"s":{"0":2,"1":2,"2":2},"f":{},"b":{}}
,"/Users/jiaweibai/Desktop/practice/jevon-utils/src/base/deepClone.ts": {"path":"/Users/jiaweibai/Desktop/practice/jevon-utils/src/base/deepClone.ts","statementMap":{"0":{"start":{"line":8,"column":2},"end":{"line":9,"column":44}},"1":{"start":{"line":9,"column":4},"end":{"line":9,"column":44}},"2":{"start":{"line":10,"column":13},"end":{"line":10,"column":49}},"3":{"start":{"line":11,"column":2},"end":{"line":17,"column":5}},"4":{"start":{"line":12,"column":4},"end":{"line":16,"column":null}},"5":{"start":{"line":13,"column":6},"end":{"line":13,"column":40}},"6":{"start":{"line":15,"column":6},"end":{"line":15,"column":29}},"7":{"start":{"line":18,"column":2},"end":{"line":18,"column":14}},"8":{"start":{"line":7,"column":0},"end":{"line":7,"column":16}}},"fnMap":{"0":{"name":"deepClone","decl":{"start":{"line":7,"column":16},"end":{"line":7,"column":25}},"loc":{"start":{"line":7,"column":37},"end":{"line":19,"column":1}}},"1":{"name":"(anonymous_1)","decl":{"start":{"line":11,"column":42},"end":{"line":11,"column":46}},"loc":{"start":{"line":11,"column":46},"end":{"line":17,"column":3}}}},"branchMap":{"0":{"loc":{"start":{"line":8,"column":2},"end":{"line":9,"column":44}},"type":"if","locations":[{"start":{"line":8,"column":2},"end":{"line":9,"column":44}},{"start":{"line":8,"column":2},"end":{"line":9,"column":44}}]},"1":{"loc":{"start":{"line":8,"column":6},"end":{"line":8,"column":10}},"type":"binary-expr","locations":[{"start":{"line":8,"column":6},"end":{"line":8,"column":10}},{"start":{"line":8,"column":14},"end":{"line":8,"column":37}}]},"2":{"loc":{"start":{"line":10,"column":42},"end":{"line":10,"column":44}},"type":"cond-expr","locations":[{"start":{"line":10,"column":42},"end":{"line":10,"column":44}},{"start":{"line":10,"column":47},"end":{"line":10,"column":49}}]},"3":{"loc":{"start":{"line":12,"column":4},"end":{"line":16,"column":null}},"type":"if","locations":[{"start":{"line":12,"column":4},"end":{"line":16,"column":null}},{"start":{"line":12,"column":4},"end":{"line":16,"column":null}}]}},"s":{"0":3,"1":0,"2":3,"3":3,"4":6,"5":1,"6":5,"7":3,"8":2},"f":{"0":3,"1":6},"b":{"0":[0,3],"1":[3,3],"2":[2,1],"3":[1,5]}}
,"/Users/jiaweibai/Desktop/practice/jevon-utils/src/base/index.ts": {"path":"/Users/jiaweibai/Desktop/practice/jevon-utils/src/base/index.ts","statementMap":{"0":{"start":{"line":1,"column":0},"end":{"line":1,"column":27}}},"fnMap":{},"branchMap":{},"s":{"0":2},"f":{},"b":{}}
,"/Users/jiaweibai/Desktop/practice/jevon-utils/src/helper/debounce.ts": {"path":"/Users/jiaweibai/Desktop/practice/jevon-utils/src/helper/debounce.ts","statementMap":{"0":{"start":{"line":10,"column":13},"end":{"line":42,"column":null}},"1":{"start":{"line":16,"column":14},"end":{"line":23,"column":3}},"2":{"start":{"line":17,"column":4},"end":{"line":22,"column":13}},"3":{"start":{"line":18,"column":6},"end":{"line":18,"column":19}},"4":{"start":{"line":19,"column":6},"end":{"line":21,"column":null}},"5":{"start":{"line":20,"column":8},"end":{"line":20,"column":34}},"6":{"start":{"line":25,"column":2},"end":{"line":41,"column":null}},"7":{"start":{"line":25,"column":19},"end":{"line":25,"column":28}},"8":{"start":{"line":26,"column":4},"end":{"line":40,"column":null}},"9":{"start":{"line":27,"column":6},"end":{"line":27,"column":22}},"10":{"start":{"line":31,"column":6},"end":{"line":36,"column":null}},"11":{"start":{"line":32,"column":8},"end":{"line":32,"column":33}},"12":{"start":{"line":34,"column":8},"end":{"line":34,"column":23}},"13":{"start":{"line":35,"column":8},"end":{"line":35,"column":22}},"14":{"start":{"line":38,"column":6},"end":{"line":38,"column":26}},"15":{"start":{"line":39,"column":6},"end":{"line":39,"column":22}}},"fnMap":{"0":{"name":"(anonymous_0)","decl":{"start":{"line":10,"column":24},"end":{"line":10,"column":25}},"loc":{"start":{"line":10,"column":73},"end":{"line":42,"column":1}}},"1":{"name":"(anonymous_1)","decl":{"start":{"line":16,"column":14},"end":{"line":16,"column":null}},"loc":{"start":{"line":16,"column":14},"end":{"line":23,"column":3}}},"2":{"name":"(anonymous_2)","decl":{"start":{"line":17,"column":22},"end":{"line":17,"column":null}},"loc":{"start":{"line":17,"column":22},"end":{"line":22,"column":5}}},"3":{"name":"(anonymous_3)","decl":{"start":{"line":25,"column":9},"end":{"line":25,"column":19}},"loc":{"start":{"line":25,"column":9},"end":{"line":41,"column":3}}}},"branchMap":{"0":{"loc":{"start":{"line":19,"column":6},"end":{"line":21,"column":null}},"type":"if","locations":[{"start":{"line":19,"column":6},"end":{"line":21,"column":null}},{"start":{"line":19,"column":6},"end":{"line":21,"column":null}}]},"1":{"loc":{"start":{"line":26,"column":4},"end":{"line":40,"column":null}},"type":"if","locations":[{"start":{"line":26,"column":4},"end":{"line":40,"column":null}},{"start":{"line":26,"column":4},"end":{"line":40,"column":null}}]},"2":{"loc":{"start":{"line":31,"column":6},"end":{"line":36,"column":null}},"type":"if","locations":[{"start":{"line":31,"column":6},"end":{"line":36,"column":null}},{"start":{"line":31,"column":6},"end":{"line":36,"column":null}}]}},"s":{"0":2,"1":0,"2":0,"3":0,"4":0,"5":0,"6":0,"7":0,"8":0,"9":0,"10":0,"11":0,"12":0,"13":0,"14":0,"15":0},"f":{"0":0,"1":0,"2":0,"3":0},"b":{"0":[0,0],"1":[0,0],"2":[0,0]}}
,"/Users/jiaweibai/Desktop/practice/jevon-utils/src/helper/frontEndDownloadCsv.ts": {"path":"/Users/jiaweibai/Desktop/practice/jevon-utils/src/helper/frontEndDownloadCsv.ts","statementMap":{"0":{"start":{"line":14,"column":13},"end":{"line":25,"column":null}},"1":{"start":{"line":15,"column":2},"end":{"line":17,"column":null}},"2":{"start":{"line":16,"column":4},"end":{"line":16,"column":11}},"3":{"start":{"line":18,"column":16},"end":{"line":18,"column":18}},"4":{"start":{"line":19,"column":2},"end":{"line":19,"column":36}},"5":{"start":{"line":20,"column":2},"end":{"line":23,"column":null}},"6":{"start":{"line":20,"column":15},"end":{"line":20,"column":16}},"7":{"start":{"line":21,"column":17},"end":{"line":21,"column":27}},"8":{"start":{"line":22,"column":4},"end":{"line":22,"column":37}},"9":{"start":{"line":24,"column":2},"end":{"line":24,"column":26}},"10":{"start":{"line":31,"column":13},"end":{"line":41,"column":null}},"11":{"start":{"line":32,"column":15},"end":{"line":32,"column":82}},"12":{"start":{"line":33,"column":18},"end":{"line":33,"column":50}},"13":{"start":{"line":34,"column":12},"end":{"line":34,"column":39}},"14":{"start":{"line":35,"column":19},"end":{"line":35,"column":57}},"15":{"start":{"line":36,"column":2},"end":{"line":36,"column":19}},"16":{"start":{"line":37,"column":2},"end":{"line":37,"column":24}},"17":{"start":{"line":38,"column":2},"end":{"line":38,"column":12}},"18":{"start":{"line":39,"column":2},"end":{"line":39,"column":13}},"19":{"start":{"line":40,"column":2},"end":{"line":40,"column":38}}},"fnMap":{"0":{"name":"(anonymous_0)","decl":{"start":{"line":14,"column":35},"end":{"line":14,"column":36}},"loc":{"start":{"line":14,"column":85},"end":{"line":25,"column":1}}},"1":{"name":"(anonymous_1)","decl":{"start":{"line":31,"column":30},"end":{"line":31,"column":31}},"loc":{"start":{"line":31,"column":47},"end":{"line":41,"column":1}}}},"branchMap":{"0":{"loc":{"start":{"line":15,"column":2},"end":{"line":17,"column":null}},"type":"if","locations":[{"start":{"line":15,"column":2},"end":{"line":17,"column":null}},{"start":{"line":15,"column":2},"end":{"line":17,"column":null}}]},"1":{"loc":{"start":{"line":15,"column":6},"end":{"line":15,"column":13}},"type":"binary-expr","locations":[{"start":{"line":15,"column":6},"end":{"line":15,"column":13}},{"start":{"line":15,"column":17},"end":{"line":15,"column":25}}]}},"s":{"0":2,"1":0,"2":0,"3":0,"4":0,"5":0,"6":0,"7":0,"8":0,"9":0,"10":2,"11":0,"12":0,"13":0,"14":0,"15":0,"16":0,"17":0,"18":0,"19":0},"f":{"0":0,"1":0},"b":{"0":[0,0],"1":[0,0]}}
,"/Users/jiaweibai/Desktop/practice/jevon-utils/src/helper/generateUUID.ts": {"path":"/Users/jiaweibai/Desktop/practice/jevon-utils/src/helper/generateUUID.ts","statementMap":{"0":{"start":{"line":4,"column":13},"end":{"line":15,"column":null}},"1":{"start":{"line":5,"column":10},"end":{"line":5,"column":30}},"2":{"start":{"line":6,"column":2},"end":{"line":8,"column":null}},"3":{"start":{"line":7,"column":4},"end":{"line":7,"column":34}},"4":{"start":{"line":9,"column":15},"end":{"line":13,"column":4}},"5":{"start":{"line":10,"column":14},"end":{"line":10,"column":47}},"6":{"start":{"line":11,"column":4},"end":{"line":11,"column":27}},"7":{"start":{"line":12,"column":4},"end":{"line":12,"column":57}},"8":{"start":{"line":14,"column":2},"end":{"line":14,"column":14}}},"fnMap":{"0":{"name":"(anonymous_0)","decl":{"start":{"line":4,"column":28},"end":{"line":4,"column":null}},"loc":{"start":{"line":4,"column":28},"end":{"line":15,"column":1}}},"1":{"name":"(anonymous_1)","decl":{"start":{"line":9,"column":71},"end":{"line":9,"column":72}},"loc":{"start":{"line":9,"column":73},"end":{"line":13,"column":3}}}},"branchMap":{"0":{"loc":{"start":{"line":6,"column":2},"end":{"line":8,"column":null}},"type":"if","locations":[{"start":{"line":6,"column":2},"end":{"line":8,"column":null}},{"start":{"line":6,"column":2},"end":{"line":8,"column":null}}]},"1":{"loc":{"start":{"line":6,"column":6},"end":{"line":6,"column":24}},"type":"binary-expr","locations":[{"start":{"line":6,"column":6},"end":{"line":6,"column":24}},{"start":{"line":6,"column":28},"end":{"line":6,"column":72}}]},"2":{"loc":{"start":{"line":12,"column":23},"end":{"line":12,"column":24}},"type":"cond-expr","locations":[{"start":{"line":12,"column":23},"end":{"line":12,"column":24}},{"start":{"line":12,"column":28},"end":{"line":12,"column":41}}]}},"s":{"0":2,"1":0,"2":0,"3":0,"4":0,"5":0,"6":0,"7":0,"8":0},"f":{"0":0,"1":0},"b":{"0":[0,0],"1":[0,0],"2":[0,0]}}
,"/Users/jiaweibai/Desktop/practice/jevon-utils/src/helper/getCookie.ts": {"path":"/Users/jiaweibai/Desktop/practice/jevon-utils/src/helper/getCookie.ts","statementMap":{"0":{"start":{"line":5,"column":13},"end":{"line":11,"column":null}},"1":{"start":{"line":6,"column":2},"end":{"line":10,"column":null}}},"fnMap":{"0":{"name":"(anonymous_0)","decl":{"start":{"line":5,"column":25},"end":{"line":5,"column":26}},"loc":{"start":{"line":5,"column":38},"end":{"line":11,"column":1}}}},"branchMap":{"0":{"loc":{"start":{"line":9,"column":6},"end":{"line":9,"column":8}},"type":"cond-expr","locations":[{"start":{"line":9,"column":6},"end":{"line":9,"column":8}},{"start":{"line":10,"column":6},"end":{"line":10,"column":15}}]}},"s":{"0":2,"1":0},"f":{"0":0},"b":{"0":[0,0]}}
,"/Users/jiaweibai/Desktop/practice/jevon-utils/src/helper/index.ts": {"path":"/Users/jiaweibai/Desktop/practice/jevon-utils/src/helper/index.ts","statementMap":{"0":{"start":{"line":1,"column":0},"end":{"line":1,"column":37}},"1":{"start":{"line":2,"column":0},"end":{"line":2,"column":30}},"2":{"start":{"line":3,"column":0},"end":{"line":3,"column":27}},"3":{"start":{"line":4,"column":0},"end":{"line":4,"column":29}},"4":{"start":{"line":5,"column":0},"end":{"line":5,"column":26}},"5":{"start":{"line":6,"column":0},"end":{"line":6,"column":33}},"6":{"start":{"line":7,"column":0},"end":{"line":7,"column":31}},"7":{"start":{"line":8,"column":0},"end":{"line":8,"column":26}}},"fnMap":{},"branchMap":{},"s":{"0":2,"1":2,"2":2,"3":2,"4":2,"5":2,"6":2,"7":2},"f":{},"b":{}}
,"/Users/jiaweibai/Desktop/practice/jevon-utils/src/helper/readablizeBytes.ts": {"path":"/Users/jiaweibai/Desktop/practice/jevon-utils/src/helper/readablizeBytes.ts","statementMap":{"0":{"start":{"line":6,"column":13},"end":{"line":13,"column":null}},"1":{"start":{"line":7,"column":2},"end":{"line":11,"column":null}},"2":{"start":{"line":8,"column":24},"end":{"line":8,"column":59}},"3":{"start":{"line":9,"column":22},"end":{"line":9,"column":66}},"4":{"start":{"line":10,"column":4},"end":{"line":10,"column":63}},"5":{"start":{"line":12,"column":2},"end":{"line":12,"column":13}}},"fnMap":{"0":{"name":"(anonymous_0)","decl":{"start":{"line":6,"column":31},"end":{"line":6,"column":32}},"loc":{"start":{"line":6,"column":45},"end":{"line":13,"column":1}}}},"branchMap":{"0":{"loc":{"start":{"line":7,"column":2},"end":{"line":11,"column":null}},"type":"if","locations":[{"start":{"line":7,"column":2},"end":{"line":11,"column":null}},{"start":{"line":7,"column":2},"end":{"line":11,"column":null}}]},"1":{"loc":{"start":{"line":7,"column":6},"end":{"line":7,"column":11}},"type":"binary-expr","locations":[{"start":{"line":7,"column":6},"end":{"line":7,"column":11}},{"start":{"line":7,"column":15},"end":{"line":7,"column":26}}]}},"s":{"0":2,"1":0,"2":0,"3":0,"4":0,"5":0},"f":{"0":0},"b":{"0":[0,0],"1":[0,0]}}
,"/Users/jiaweibai/Desktop/practice/jevon-utils/src/helper/scrollToTop.ts": {"path":"/Users/jiaweibai/Desktop/practice/jevon-utils/src/helper/scrollToTop.ts","statementMap":{"0":{"start":{"line":4,"column":13},"end":{"line":10,"column":null}},"1":{"start":{"line":4,"column":28},"end":{"line":4,"column":null}},"2":{"start":{"line":5,"column":12},"end":{"line":5,"column":73}},"3":{"start":{"line":6,"column":2},"end":{"line":9,"column":null}},"4":{"start":{"line":7,"column":4},"end":{"line":7,"column":46}},"5":{"start":{"line":8,"column":4},"end":{"line":8,"column":38}}},"fnMap":{"0":{"name":"(anonymous_0)","decl":{"start":{"line":4,"column":27},"end":{"line":4,"column":28}},"loc":{"start":{"line":4,"column":45},"end":{"line":10,"column":1}}}},"branchMap":{"0":{"loc":{"start":{"line":4,"column":28},"end":{"line":4,"column":null}},"type":"if","locations":[{"start":{"line":4,"column":28},"end":{"line":4,"column":null}},{"start":{"line":4,"column":28},"end":{"line":4,"column":null}}]},"1":{"loc":{"start":{"line":5,"column":12},"end":{"line":5,"column":46}},"type":"binary-expr","locations":[{"start":{"line":5,"column":12},"end":{"line":5,"column":46}},{"start":{"line":5,"column":50},"end":{"line":5,"column":73}}]},"2":{"loc":{"start":{"line":6,"column":2},"end":{"line":9,"column":null}},"type":"if","locations":[{"start":{"line":6,"column":2},"end":{"line":9,"column":null}},{"start":{"line":6,"column":2},"end":{"line":9,"column":null}}]}},"s":{"0":2,"1":0,"2":0,"3":0,"4":0,"5":0},"f":{"0":0},"b":{"0":[0,0],"1":[0,0],"2":[0,0]}}
,"/Users/jiaweibai/Desktop/practice/jevon-utils/src/helper/sliceExecData.ts": {"path":"/Users/jiaweibai/Desktop/practice/jevon-utils/src/helper/sliceExecData.ts","statementMap":{"0":{"start":{"line":19,"column":13},"end":{"line":46,"column":null}},"1":{"start":{"line":19,"column":132},"end":{"line":46,"column":null}},"2":{"start":{"line":20,"column":2},"end":{"line":20,"column":20}},"3":{"start":{"line":20,"column":13},"end":{"line":20,"column":20}},"4":{"start":{"line":21,"column":6},"end":{"line":21,"column":10}},"5":{"start":{"line":22,"column":16},"end":{"line":22,"column":null}},"6":{"start":{"line":22,"column":10},"end":{"line":22,"column":null}},"7":{"start":{"line":23,"column":4},"end":{"line":23,"column":21}},"8":{"start":{"line":24,"column":4},"end":{"line":24,"column":11}},"9":{"start":{"line":27,"column":8},"end":{"line":31,"column":null}},"10":{"start":{"line":28,"column":4},"end":{"line":30,"column":null}},"11":{"start":{"line":29,"column":6},"end":{"line":29,"column":32}},"12":{"start":{"line":33,"column":8},"end":{"line":33,"column":30}},"13":{"start":{"line":34,"column":6},"end":{"line":34,"column":27}},"14":{"start":{"line":35,"column":9},"end":{"line":35,"column":null}},"15":{"start":{"line":35,"column":43},"end":{"line":35,"column":null}},"16":{"start":{"line":37,"column":12},"end":{"line":37,"column":44}},"17":{"start":{"line":38,"column":18},"end":{"line":38,"column":null}},"18":{"start":{"line":38,"column":12},"end":{"line":38,"column":null}},"19":{"start":{"line":39,"column":6},"end":{"line":39,"column":28}},"20":{"start":{"line":40,"column":6},"end":{"line":40,"column":35}},"21":{"start":{"line":42,"column":6},"end":{"line":42,"column":24}},"22":{"start":{"line":43,"column":6},"end":{"line":43,"column":28}}},"fnMap":{"0":{"name":"(anonymous_13)","decl":{"start":{"line":19,"column":29},"end":{"line":19,"column":36}},"loc":{"start":{"line":19,"column":132},"end":{"line":46,"column":null}}},"1":{"name":"(anonymous_14)","decl":{"start":{"line":19,"column":132},"end":{"line":19,"column":null}},"loc":{"start":{"line":19,"column":132},"end":{"line":46,"column":null}}},"2":{"name":"(anonymous_16)","decl":{"start":{"line":27,"column":16},"end":{"line":27,"column":17}},"loc":{"start":{"line":27,"column":29},"end":{"line":31,"column":3}}},"3":{"name":"(anonymous_17)","decl":{"start":{"line":28,"column":23},"end":{"line":28,"column":24}},"loc":{"start":{"line":28,"column":31},"end":{"line":30,"column":5}}}},"branchMap":{"0":{"loc":{"start":{"line":20,"column":2},"end":{"line":20,"column":20}},"type":"if","locations":[{"start":{"line":20,"column":2},"end":{"line":20,"column":20}},{"start":{"line":20,"column":2},"end":{"line":20,"column":20}}]},"1":{"loc":{"start":{"line":21,"column":6},"end":{"line":21,"column":10}},"type":"if","locations":[{"start":{"line":21,"column":6},"end":{"line":21,"column":10}},{"start":{"line":21,"column":6},"end":{"line":21,"column":10}}]},"2":{"loc":{"start":{"line":35,"column":9},"end":{"line":35,"column":null}},"type":"if","locations":[{"start":{"line":35,"column":9},"end":{"line":35,"column":null}},{"start":{"line":35,"column":9},"end":{"line":35,"column":null}}]},"3":{"loc":{"start":{"line":35,"column":9},"end":{"line":35,"column":26}},"type":"binary-expr","locations":[{"start":{"line":35,"column":9},"end":{"line":35,"column":26}},{"start":{"line":35,"column":30},"end":{"line":35,"column":43}}]}},"s":{"0":2,"1":0,"2":0,"3":0,"4":0,"5":0,"6":0,"7":0,"8":0,"9":0,"10":0,"11":0,"12":0,"13":0,"14":0,"15":0,"16":0,"17":0,"18":0,"19":0,"20":0,"21":0,"22":0},"f":{"0":0,"1":0,"2":0,"3":0},"b":{"0":[0,0],"1":[0,0],"2":[0,0],"3":[0,0]}}
,"/Users/jiaweibai/Desktop/practice/jevon-utils/src/helper/throttle.ts": {"path":"/Users/jiaweibai/Desktop/practice/jevon-utils/src/helper/throttle.ts","statementMap":{"0":{"start":{"line":9,"column":13},"end":{"line":25,"column":null}},"1":{"start":{"line":11,"column":2},"end":{"line":24,"column":null}},"2":{"start":{"line":11,"column":19},"end":{"line":11,"column":26}},"3":{"start":{"line":12,"column":4},"end":{"line":12,"column":19}},"4":{"start":{"line":13,"column":4},"end":{"line":23,"column":null}},"5":{"start":{"line":14,"column":6},"end":{"line":19,"column":15}},"6":{"start":{"line":15,"column":8},"end":{"line":15,"column":21}},"7":{"start":{"line":16,"column":8},"end":{"line":18,"column":null}},"8":{"start":{"line":17,"column":10},"end":{"line":17,"column":36}},"9":{"start":{"line":20,"column":6},"end":{"line":22,"column":null}},"10":{"start":{"line":21,"column":8},"end":{"line":21,"column":34}}},"fnMap":{"0":{"name":"(anonymous_0)","decl":{"start":{"line":9,"column":24},"end":{"line":9,"column":25}},"loc":{"start":{"line":9,"column":73},"end":{"line":25,"column":1}}},"1":{"name":"(anonymous_1)","decl":{"start":{"line":11,"column":9},"end":{"line":11,"column":19}},"loc":{"start":{"line":11,"column":9},"end":{"line":24,"column":3}}},"2":{"name":"(anonymous_2)","decl":{"start":{"line":14,"column":25},"end":{"line":14,"column":null}},"loc":{"start":{"line":14,"column":25},"end":{"line":19,"column":7}}}},"branchMap":{"0":{"loc":{"start":{"line":13,"column":4},"end":{"line":23,"column":null}},"type":"if","locations":[{"start":{"line":13,"column":4},"end":{"line":23,"column":null}},{"start":{"line":13,"column":4},"end":{"line":23,"column":null}}]},"1":{"loc":{"start":{"line":16,"column":8},"end":{"line":18,"column":null}},"type":"if","locations":[{"start":{"line":16,"column":8},"end":{"line":18,"column":null}},{"start":{"line":16,"column":8},"end":{"line":18,"column":null}}]},"2":{"loc":{"start":{"line":20,"column":6},"end":{"line":22,"column":null}},"type":"if","locations":[{"start":{"line":20,"column":6},"end":{"line":22,"column":null}},{"start":{"line":20,"column":6},"end":{"line":22,"column":null}}]}},"s":{"0":2,"1":0,"2":0,"3":0,"4":0,"5":0,"6":0,"7":0,"8":0,"9":0,"10":0},"f":{"0":0,"1":0,"2":0},"b":{"0":[0,0],"1":[0,0],"2":[0,0]}}
,"/Users/jiaweibai/Desktop/practice/jevon-utils/src/url/getParamByName.ts": {"path":"/Users/jiaweibai/Desktop/practice/jevon-utils/src/url/getParamByName.ts","statementMap":{"0":{"start":{"line":12,"column":13},"end":{"line":20,"column":null}},"1":{"start":{"line":13,"column":2},"end":{"line":13,"column":39}},"2":{"start":{"line":13,"column":12},"end":{"line":13,"column":39}},"3":{"start":{"line":14,"column":2},"end":{"line":14,"column":41}},"4":{"start":{"line":15,"column":16},"end":{"line":15,"column":63}},"5":{"start":{"line":16,"column":14},"end":{"line":16,"column":29}},"6":{"start":{"line":17,"column":2},"end":{"line":17,"column":28}},"7":{"start":{"line":17,"column":16},"end":{"line":17,"column":28}},"8":{"start":{"line":18,"column":2},"end":{"line":18,"column":29}},"9":{"start":{"line":18,"column":19},"end":{"line":18,"column":29}},"10":{"start":{"line":19,"column":2},"end":{"line":19,"column":60}}},"fnMap":{"0":{"name":"(anonymous_0)","decl":{"start":{"line":12,"column":30},"end":{"line":12,"column":31}},"loc":{"start":{"line":12,"column":57},"end":{"line":20,"column":1}}}},"branchMap":{"0":{"loc":{"start":{"line":13,"column":2},"end":{"line":13,"column":39}},"type":"if","locations":[{"start":{"line":13,"column":2},"end":{"line":13,"column":39}},{"start":{"line":13,"column":2},"end":{"line":13,"column":39}}]},"1":{"loc":{"start":{"line":17,"column":2},"end":{"line":17,"column":28}},"type":"if","locations":[{"start":{"line":17,"column":2},"end":{"line":17,"column":28}},{"start":{"line":17,"column":2},"end":{"line":17,"column":28}}]},"2":{"loc":{"start":{"line":18,"column":2},"end":{"line":18,"column":29}},"type":"if","locations":[{"start":{"line":18,"column":2},"end":{"line":18,"column":29}},{"start":{"line":18,"column":2},"end":{"line":18,"column":29}}]}},"s":{"0":2,"1":2,"2":0,"3":2,"4":2,"5":2,"6":2,"7":0,"8":2,"9":0,"10":2},"f":{"0":2},"b":{"0":[0,2],"1":[0,2],"2":[0,2]}}
,"/Users/jiaweibai/Desktop/practice/jevon-utils/src/url/index.ts": {"path":"/Users/jiaweibai/Desktop/practice/jevon-utils/src/url/index.ts","statementMap":{"0":{"start":{"line":1,"column":0},"end":{"line":1,"column":33}}},"fnMap":{},"branchMap":{},"s":{"0":2},"f":{},"b":{}}
}
