{"/Users/jiaweibai/Desktop/practice/jevon-utils/src/index.ts": {"path":"/Users/jiaweibai/Desktop/practice/jevon-utils/src/index.ts","statementMap":{"0":{"start":{"line":1,"column":0},"end":{"line":1,"column":21}},"1":{"start":{"line":2,"column":0},"end":{"line":2,"column":24}},"2":{"start":{"line":3,"column":0},"end":{"line":3,"column":22}},"3":{"start":{"line":4,"column":0},"end":{"line":4,"column":25}},"4":{"start":{"line":5,"column":0},"end":{"line":5,"column":24}},"5":{"start":{"line":6,"column":0},"end":{"line":6,"column":24}},"6":{"start":{"line":7,"column":0},"end":{"line":7,"column":23}},"7":{"start":{"line":8,"column":0},"end":{"line":8,"column":24}}},"fnMap":{},"branchMap":{},"s":{"0":3,"1":3,"2":3,"3":3,"4":3,"5":3,"6":3,"7":3},"f":{},"b":{}}
,"/Users/jiaweibai/Desktop/practice/jevon-utils/src/base/deepClone.ts": {"path":"/Users/jiaweibai/Desktop/practice/jevon-utils/src/base/deepClone.ts","statementMap":{"0":{"start":{"line":20,"column":2},"end":{"line":21,"column":null}},"1":{"start":{"line":21,"column":4},"end":{"line":21,"column":null}},"2":{"start":{"line":22,"column":13},"end":{"line":22,"column":49}},"3":{"start":{"line":23,"column":2},"end":{"line":29,"column":5}},"4":{"start":{"line":24,"column":4},"end":{"line":28,"column":null}},"5":{"start":{"line":25,"column":6},"end":{"line":25,"column":null}},"6":{"start":{"line":27,"column":6},"end":{"line":27,"column":null}},"7":{"start":{"line":30,"column":2},"end":{"line":30,"column":null}},"8":{"start":{"line":19,"column":0},"end":{"line":19,"column":16}}},"fnMap":{"0":{"name":"deepClone","decl":{"start":{"line":19,"column":16},"end":{"line":19,"column":25}},"loc":{"start":{"line":19,"column":37},"end":{"line":31,"column":1}}},"1":{"name":"(anonymous_1)","decl":{"start":{"line":23,"column":42},"end":{"line":23,"column":46}},"loc":{"start":{"line":23,"column":46},"end":{"line":29,"column":3}}}},"branchMap":{"0":{"loc":{"start":{"line":20,"column":2},"end":{"line":21,"column":null}},"type":"if","locations":[{"start":{"line":20,"column":2},"end":{"line":21,"column":null}},{"start":{"line":20,"column":2},"end":{"line":21,"column":null}}]},"1":{"loc":{"start":{"line":20,"column":6},"end":{"line":20,"column":10}},"type":"binary-expr","locations":[{"start":{"line":20,"column":6},"end":{"line":20,"column":10}},{"start":{"line":20,"column":14},"end":{"line":20,"column":37}}]},"2":{"loc":{"start":{"line":22,"column":42},"end":{"line":22,"column":44}},"type":"cond-expr","locations":[{"start":{"line":22,"column":42},"end":{"line":22,"column":44}},{"start":{"line":22,"column":47},"end":{"line":22,"column":49}}]},"3":{"loc":{"start":{"line":24,"column":4},"end":{"line":28,"column":null}},"type":"if","locations":[{"start":{"line":24,"column":4},"end":{"line":28,"column":null}},{"start":{"line":24,"column":4},"end":{"line":28,"column":null}}]}},"s":{"0":3,"1":0,"2":3,"3":3,"4":6,"5":1,"6":5,"7":3,"8":3},"f":{"0":3,"1":6},"b":{"0":[0,3],"1":[3,3],"2":[2,1],"3":[1,5]}}
,"/Users/jiaweibai/Desktop/practice/jevon-utils/src/base/index.ts": {"path":"/Users/jiaweibai/Desktop/practice/jevon-utils/src/base/index.ts","statementMap":{"0":{"start":{"line":1,"column":0},"end":{"line":1,"column":27}}},"fnMap":{},"branchMap":{},"s":{"0":3},"f":{},"b":{}}
,"/Users/jiaweibai/Desktop/practice/jevon-utils/src/cookie/getCookie.ts": {"path":"/Users/jiaweibai/Desktop/practice/jevon-utils/src/cookie/getCookie.ts","statementMap":{"0":{"start":{"line":13,"column":13},"end":{"line":19,"column":null}},"1":{"start":{"line":14,"column":2},"end":{"line":18,"column":null}}},"fnMap":{"0":{"name":"(anonymous_0)","decl":{"start":{"line":13,"column":25},"end":{"line":13,"column":26}},"loc":{"start":{"line":13,"column":38},"end":{"line":19,"column":1}}}},"branchMap":{"0":{"loc":{"start":{"line":17,"column":6},"end":{"line":17,"column":8}},"type":"cond-expr","locations":[{"start":{"line":17,"column":6},"end":{"line":17,"column":8}},{"start":{"line":18,"column":6},"end":{"line":18,"column":15}}]}},"s":{"0":3,"1":0},"f":{"0":0},"b":{"0":[0,0]}}
,"/Users/jiaweibai/Desktop/practice/jevon-utils/src/cookie/index.ts": {"path":"/Users/jiaweibai/Desktop/practice/jevon-utils/src/cookie/index.ts","statementMap":{"0":{"start":{"line":1,"column":0},"end":{"line":1,"column":27}},"1":{"start":{"line":2,"column":0},"end":{"line":2,"column":27}},"2":{"start":{"line":3,"column":0},"end":{"line":3,"column":30}}},"fnMap":{},"branchMap":{},"s":{"0":3,"1":3,"2":3},"f":{},"b":{}}
,"/Users/jiaweibai/Desktop/practice/jevon-utils/src/cookie/removeCookie.ts": {"path":"/Users/jiaweibai/Desktop/practice/jevon-utils/src/cookie/removeCookie.ts","statementMap":{"0":{"start":{"line":1,"column":0},"end":{"line":1,"column":39}},"1":{"start":{"line":14,"column":13},"end":{"line":16,"column":null}},"2":{"start":{"line":15,"column":2},"end":{"line":15,"column":27}}},"fnMap":{"0":{"name":"(anonymous_0)","decl":{"start":{"line":14,"column":28},"end":{"line":14,"column":29}},"loc":{"start":{"line":14,"column":41},"end":{"line":16,"column":1}}}},"branchMap":{},"s":{"0":3,"1":3,"2":0},"f":{"0":0},"b":{}}
,"/Users/jiaweibai/Desktop/practice/jevon-utils/src/cookie/setCookie.ts": {"path":"/Users/jiaweibai/Desktop/practice/jevon-utils/src/cookie/setCookie.ts","statementMap":{"0":{"start":{"line":15,"column":13},"end":{"line":19,"column":null}},"1":{"start":{"line":16,"column":13},"end":{"line":16,"column":23}},"2":{"start":{"line":17,"column":2},"end":{"line":17,"column":38}},"3":{"start":{"line":18,"column":2},"end":{"line":18,"column":60}}},"fnMap":{"0":{"name":"(anonymous_0)","decl":{"start":{"line":15,"column":25},"end":{"line":15,"column":26}},"loc":{"start":{"line":15,"column":67},"end":{"line":19,"column":1}}}},"branchMap":{},"s":{"0":3,"1":0,"2":0,"3":0},"f":{"0":0},"b":{}}
,"/Users/jiaweibai/Desktop/practice/jevon-utils/src/helper/debounce.ts": {"path":"/Users/jiaweibai/Desktop/practice/jevon-utils/src/helper/debounce.ts","statementMap":{"0":{"start":{"line":24,"column":13},"end":{"line":56,"column":null}},"1":{"start":{"line":30,"column":14},"end":{"line":37,"column":3}},"2":{"start":{"line":31,"column":4},"end":{"line":36,"column":null}},"3":{"start":{"line":32,"column":6},"end":{"line":32,"column":null}},"4":{"start":{"line":33,"column":6},"end":{"line":35,"column":null}},"5":{"start":{"line":34,"column":8},"end":{"line":34,"column":null}},"6":{"start":{"line":39,"column":2},"end":{"line":55,"column":null}},"7":{"start":{"line":39,"column":19},"end":{"line":39,"column":28}},"8":{"start":{"line":40,"column":4},"end":{"line":54,"column":null}},"9":{"start":{"line":41,"column":6},"end":{"line":41,"column":null}},"10":{"start":{"line":45,"column":6},"end":{"line":50,"column":null}},"11":{"start":{"line":46,"column":8},"end":{"line":46,"column":null}},"12":{"start":{"line":48,"column":8},"end":{"line":48,"column":null}},"13":{"start":{"line":49,"column":8},"end":{"line":49,"column":null}},"14":{"start":{"line":52,"column":6},"end":{"line":52,"column":null}},"15":{"start":{"line":53,"column":6},"end":{"line":53,"column":null}}},"fnMap":{"0":{"name":"(anonymous_0)","decl":{"start":{"line":24,"column":24},"end":{"line":24,"column":25}},"loc":{"start":{"line":24,"column":73},"end":{"line":56,"column":1}}},"1":{"name":"(anonymous_1)","decl":{"start":{"line":30,"column":14},"end":{"line":30,"column":null}},"loc":{"start":{"line":30,"column":14},"end":{"line":37,"column":3}}},"2":{"name":"(anonymous_2)","decl":{"start":{"line":31,"column":22},"end":{"line":31,"column":null}},"loc":{"start":{"line":31,"column":22},"end":{"line":36,"column":5}}},"3":{"name":"(anonymous_3)","decl":{"start":{"line":39,"column":9},"end":{"line":39,"column":19}},"loc":{"start":{"line":39,"column":9},"end":{"line":55,"column":3}}}},"branchMap":{"0":{"loc":{"start":{"line":33,"column":6},"end":{"line":35,"column":null}},"type":"if","locations":[{"start":{"line":33,"column":6},"end":{"line":35,"column":null}},{"start":{"line":33,"column":6},"end":{"line":35,"column":null}}]},"1":{"loc":{"start":{"line":40,"column":4},"end":{"line":54,"column":null}},"type":"if","locations":[{"start":{"line":40,"column":4},"end":{"line":54,"column":null}},{"start":{"line":40,"column":4},"end":{"line":54,"column":null}}]},"2":{"loc":{"start":{"line":45,"column":6},"end":{"line":50,"column":null}},"type":"if","locations":[{"start":{"line":45,"column":6},"end":{"line":50,"column":null}},{"start":{"line":45,"column":6},"end":{"line":50,"column":null}}]}},"s":{"0":3,"1":0,"2":0,"3":0,"4":0,"5":0,"6":0,"7":0,"8":0,"9":0,"10":0,"11":0,"12":0,"13":0,"14":0,"15":0},"f":{"0":0,"1":0,"2":0,"3":0},"b":{"0":[0,0],"1":[0,0],"2":[0,0]}}
,"/Users/jiaweibai/Desktop/practice/jevon-utils/src/helper/frontEndDownloadCsv.ts": {"path":"/Users/jiaweibai/Desktop/practice/jevon-utils/src/helper/frontEndDownloadCsv.ts","statementMap":{"0":{"start":{"line":17,"column":13},"end":{"line":28,"column":null}},"1":{"start":{"line":18,"column":2},"end":{"line":20,"column":null}},"2":{"start":{"line":19,"column":4},"end":{"line":19,"column":10}},"3":{"start":{"line":21,"column":16},"end":{"line":21,"column":18}},"4":{"start":{"line":22,"column":2},"end":{"line":22,"column":null}},"5":{"start":{"line":23,"column":2},"end":{"line":26,"column":null}},"6":{"start":{"line":23,"column":15},"end":{"line":23,"column":16}},"7":{"start":{"line":24,"column":17},"end":{"line":24,"column":27}},"8":{"start":{"line":25,"column":4},"end":{"line":25,"column":null}},"9":{"start":{"line":27,"column":2},"end":{"line":27,"column":null}},"10":{"start":{"line":34,"column":13},"end":{"line":44,"column":null}},"11":{"start":{"line":35,"column":15},"end":{"line":35,"column":82}},"12":{"start":{"line":36,"column":18},"end":{"line":36,"column":50}},"13":{"start":{"line":37,"column":12},"end":{"line":37,"column":39}},"14":{"start":{"line":38,"column":19},"end":{"line":38,"column":57}},"15":{"start":{"line":39,"column":2},"end":{"line":39,"column":null}},"16":{"start":{"line":40,"column":2},"end":{"line":40,"column":null}},"17":{"start":{"line":41,"column":2},"end":{"line":41,"column":null}},"18":{"start":{"line":42,"column":2},"end":{"line":42,"column":null}},"19":{"start":{"line":43,"column":2},"end":{"line":43,"column":null}}},"fnMap":{"0":{"name":"(anonymous_0)","decl":{"start":{"line":17,"column":35},"end":{"line":17,"column":36}},"loc":{"start":{"line":17,"column":85},"end":{"line":28,"column":1}}},"1":{"name":"(anonymous_1)","decl":{"start":{"line":34,"column":30},"end":{"line":34,"column":31}},"loc":{"start":{"line":34,"column":47},"end":{"line":44,"column":1}}}},"branchMap":{"0":{"loc":{"start":{"line":18,"column":2},"end":{"line":20,"column":null}},"type":"if","locations":[{"start":{"line":18,"column":2},"end":{"line":20,"column":null}},{"start":{"line":18,"column":2},"end":{"line":20,"column":null}}]},"1":{"loc":{"start":{"line":18,"column":6},"end":{"line":18,"column":13}},"type":"binary-expr","locations":[{"start":{"line":18,"column":6},"end":{"line":18,"column":13}},{"start":{"line":18,"column":17},"end":{"line":18,"column":25}}]}},"s":{"0":3,"1":0,"2":0,"3":0,"4":0,"5":0,"6":0,"7":0,"8":0,"9":0,"10":3,"11":0,"12":0,"13":0,"14":0,"15":0,"16":0,"17":0,"18":0,"19":0},"f":{"0":0,"1":0},"b":{"0":[0,0],"1":[0,0]}}
,"/Users/jiaweibai/Desktop/practice/jevon-utils/src/helper/index.ts": {"path":"/Users/jiaweibai/Desktop/practice/jevon-utils/src/helper/index.ts","statementMap":{"0":{"start":{"line":1,"column":0},"end":{"line":1,"column":37}},"1":{"start":{"line":2,"column":0},"end":{"line":2,"column":29}},"2":{"start":{"line":3,"column":0},"end":{"line":3,"column":26}},"3":{"start":{"line":4,"column":0},"end":{"line":4,"column":33}},"4":{"start":{"line":5,"column":0},"end":{"line":5,"column":31}},"5":{"start":{"line":6,"column":0},"end":{"line":6,"column":26}},"6":{"start":{"line":7,"column":0},"end":{"line":7,"column":38}}},"fnMap":{},"branchMap":{},"s":{"0":3,"1":3,"2":3,"3":3,"4":3,"5":3,"6":3},"f":{},"b":{}}
,"/Users/jiaweibai/Desktop/practice/jevon-utils/src/helper/readablizeBytes.ts": {"path":"/Users/jiaweibai/Desktop/practice/jevon-utils/src/helper/readablizeBytes.ts","statementMap":{"0":{"start":{"line":17,"column":13},"end":{"line":24,"column":null}},"1":{"start":{"line":18,"column":2},"end":{"line":22,"column":null}},"2":{"start":{"line":19,"column":24},"end":{"line":19,"column":59}},"3":{"start":{"line":20,"column":22},"end":{"line":20,"column":66}},"4":{"start":{"line":21,"column":4},"end":{"line":21,"column":null}},"5":{"start":{"line":23,"column":2},"end":{"line":23,"column":null}}},"fnMap":{"0":{"name":"(anonymous_0)","decl":{"start":{"line":17,"column":31},"end":{"line":17,"column":32}},"loc":{"start":{"line":17,"column":45},"end":{"line":24,"column":1}}}},"branchMap":{"0":{"loc":{"start":{"line":18,"column":2},"end":{"line":22,"column":null}},"type":"if","locations":[{"start":{"line":18,"column":2},"end":{"line":22,"column":null}},{"start":{"line":18,"column":2},"end":{"line":22,"column":null}}]},"1":{"loc":{"start":{"line":18,"column":6},"end":{"line":18,"column":11}},"type":"binary-expr","locations":[{"start":{"line":18,"column":6},"end":{"line":18,"column":11}},{"start":{"line":18,"column":15},"end":{"line":18,"column":26}}]}},"s":{"0":3,"1":0,"2":0,"3":0,"4":0,"5":0},"f":{"0":0},"b":{"0":[0,0],"1":[0,0]}}
,"/Users/jiaweibai/Desktop/practice/jevon-utils/src/helper/scrollToTop.ts": {"path":"/Users/jiaweibai/Desktop/practice/jevon-utils/src/helper/scrollToTop.ts","statementMap":{"0":{"start":{"line":11,"column":13},"end":{"line":17,"column":null}},"1":{"start":{"line":12,"column":20},"end":{"line":12,"column":81}},"2":{"start":{"line":13,"column":2},"end":{"line":16,"column":null}},"3":{"start":{"line":14,"column":4},"end":{"line":14,"column":null}},"4":{"start":{"line":15,"column":4},"end":{"line":15,"column":null}}},"fnMap":{"0":{"name":"(anonymous_0)","decl":{"start":{"line":11,"column":27},"end":{"line":11,"column":null}},"loc":{"start":{"line":11,"column":27},"end":{"line":17,"column":1}}}},"branchMap":{"0":{"loc":{"start":{"line":12,"column":20},"end":{"line":12,"column":54}},"type":"binary-expr","locations":[{"start":{"line":12,"column":20},"end":{"line":12,"column":54}},{"start":{"line":12,"column":58},"end":{"line":12,"column":81}}]},"1":{"loc":{"start":{"line":13,"column":2},"end":{"line":16,"column":null}},"type":"if","locations":[{"start":{"line":13,"column":2},"end":{"line":16,"column":null}},{"start":{"line":13,"column":2},"end":{"line":16,"column":null}}]}},"s":{"0":3,"1":0,"2":0,"3":0,"4":0},"f":{"0":0},"b":{"0":[0,0],"1":[0,0]}}
,"/Users/jiaweibai/Desktop/practice/jevon-utils/src/helper/sliceExecData.ts": {"path":"/Users/jiaweibai/Desktop/practice/jevon-utils/src/helper/sliceExecData.ts","statementMap":{"0":{"start":{"line":19,"column":13},"end":{"line":46,"column":null}},"1":{"start":{"line":19,"column":132},"end":{"line":46,"column":null}},"2":{"start":{"line":20,"column":2},"end":{"line":20,"column":20}},"3":{"start":{"line":20,"column":13},"end":{"line":20,"column":20}},"4":{"start":{"line":21,"column":6},"end":{"line":21,"column":10}},"5":{"start":{"line":22,"column":16},"end":{"line":22,"column":null}},"6":{"start":{"line":22,"column":10},"end":{"line":22,"column":null}},"7":{"start":{"line":23,"column":4},"end":{"line":23,"column":null}},"8":{"start":{"line":24,"column":4},"end":{"line":24,"column":10}},"9":{"start":{"line":27,"column":8},"end":{"line":31,"column":null}},"10":{"start":{"line":28,"column":4},"end":{"line":30,"column":null}},"11":{"start":{"line":29,"column":6},"end":{"line":29,"column":null}},"12":{"start":{"line":33,"column":8},"end":{"line":33,"column":30}},"13":{"start":{"line":34,"column":6},"end":{"line":34,"column":27}},"14":{"start":{"line":35,"column":9},"end":{"line":35,"column":null}},"15":{"start":{"line":35,"column":43},"end":{"line":35,"column":null}},"16":{"start":{"line":37,"column":12},"end":{"line":37,"column":null}},"17":{"start":{"line":38,"column":18},"end":{"line":38,"column":null}},"18":{"start":{"line":38,"column":12},"end":{"line":38,"column":null}},"19":{"start":{"line":39,"column":6},"end":{"line":39,"column":28}},"20":{"start":{"line":40,"column":6},"end":{"line":40,"column":null}},"21":{"start":{"line":42,"column":6},"end":{"line":42,"column":null}},"22":{"start":{"line":43,"column":6},"end":{"line":43,"column":null}}},"fnMap":{"0":{"name":"(anonymous_13)","decl":{"start":{"line":19,"column":29},"end":{"line":19,"column":36}},"loc":{"start":{"line":19,"column":132},"end":{"line":46,"column":null}}},"1":{"name":"(anonymous_14)","decl":{"start":{"line":19,"column":132},"end":{"line":19,"column":null}},"loc":{"start":{"line":19,"column":132},"end":{"line":46,"column":null}}},"2":{"name":"(anonymous_16)","decl":{"start":{"line":27,"column":16},"end":{"line":27,"column":17}},"loc":{"start":{"line":27,"column":29},"end":{"line":31,"column":3}}},"3":{"name":"(anonymous_17)","decl":{"start":{"line":28,"column":23},"end":{"line":28,"column":24}},"loc":{"start":{"line":28,"column":31},"end":{"line":30,"column":5}}}},"branchMap":{"0":{"loc":{"start":{"line":20,"column":2},"end":{"line":20,"column":20}},"type":"if","locations":[{"start":{"line":20,"column":2},"end":{"line":20,"column":20}},{"start":{"line":20,"column":2},"end":{"line":20,"column":20}}]},"1":{"loc":{"start":{"line":21,"column":6},"end":{"line":21,"column":10}},"type":"if","locations":[{"start":{"line":21,"column":6},"end":{"line":21,"column":10}},{"start":{"line":21,"column":6},"end":{"line":21,"column":10}}]},"2":{"loc":{"start":{"line":35,"column":9},"end":{"line":35,"column":null}},"type":"if","locations":[{"start":{"line":35,"column":9},"end":{"line":35,"column":null}},{"start":{"line":35,"column":9},"end":{"line":35,"column":null}}]},"3":{"loc":{"start":{"line":35,"column":9},"end":{"line":35,"column":26}},"type":"binary-expr","locations":[{"start":{"line":35,"column":9},"end":{"line":35,"column":26}},{"start":{"line":35,"column":30},"end":{"line":35,"column":43}}]}},"s":{"0":3,"1":0,"2":0,"3":0,"4":0,"5":0,"6":0,"7":0,"8":0,"9":0,"10":0,"11":0,"12":0,"13":0,"14":0,"15":0,"16":0,"17":0,"18":0,"19":0,"20":0,"21":0,"22":0},"f":{"0":0,"1":0,"2":0,"3":0},"b":{"0":[0,0],"1":[0,0],"2":[0,0],"3":[0,0]}}
,"/Users/jiaweibai/Desktop/practice/jevon-utils/src/helper/throttle.ts": {"path":"/Users/jiaweibai/Desktop/practice/jevon-utils/src/helper/throttle.ts","statementMap":{"0":{"start":{"line":24,"column":13},"end":{"line":40,"column":null}},"1":{"start":{"line":26,"column":2},"end":{"line":39,"column":null}},"2":{"start":{"line":26,"column":19},"end":{"line":26,"column":26}},"3":{"start":{"line":27,"column":4},"end":{"line":27,"column":19}},"4":{"start":{"line":28,"column":4},"end":{"line":38,"column":null}},"5":{"start":{"line":29,"column":6},"end":{"line":34,"column":null}},"6":{"start":{"line":30,"column":8},"end":{"line":30,"column":null}},"7":{"start":{"line":31,"column":8},"end":{"line":33,"column":null}},"8":{"start":{"line":32,"column":10},"end":{"line":32,"column":null}},"9":{"start":{"line":35,"column":6},"end":{"line":37,"column":null}},"10":{"start":{"line":36,"column":8},"end":{"line":36,"column":null}}},"fnMap":{"0":{"name":"(anonymous_0)","decl":{"start":{"line":24,"column":24},"end":{"line":24,"column":25}},"loc":{"start":{"line":24,"column":73},"end":{"line":40,"column":1}}},"1":{"name":"(anonymous_1)","decl":{"start":{"line":26,"column":9},"end":{"line":26,"column":19}},"loc":{"start":{"line":26,"column":9},"end":{"line":39,"column":3}}},"2":{"name":"(anonymous_2)","decl":{"start":{"line":29,"column":25},"end":{"line":29,"column":null}},"loc":{"start":{"line":29,"column":25},"end":{"line":34,"column":7}}}},"branchMap":{"0":{"loc":{"start":{"line":28,"column":4},"end":{"line":38,"column":null}},"type":"if","locations":[{"start":{"line":28,"column":4},"end":{"line":38,"column":null}},{"start":{"line":28,"column":4},"end":{"line":38,"column":null}}]},"1":{"loc":{"start":{"line":31,"column":8},"end":{"line":33,"column":null}},"type":"if","locations":[{"start":{"line":31,"column":8},"end":{"line":33,"column":null}},{"start":{"line":31,"column":8},"end":{"line":33,"column":null}}]},"2":{"loc":{"start":{"line":35,"column":6},"end":{"line":37,"column":null}},"type":"if","locations":[{"start":{"line":35,"column":6},"end":{"line":37,"column":null}},{"start":{"line":35,"column":6},"end":{"line":37,"column":null}}]}},"s":{"0":3,"1":0,"2":0,"3":0,"4":0,"5":0,"6":0,"7":0,"8":0,"9":0,"10":0},"f":{"0":0,"1":0,"2":0},"b":{"0":[0,0],"1":[0,0],"2":[0,0]}}
,"/Users/jiaweibai/Desktop/practice/jevon-utils/src/helper/versionStringCompare.ts": {"path":"/Users/jiaweibai/Desktop/practice/jevon-utils/src/helper/versionStringCompare.ts","statementMap":{"0":{"start":{"line":20,"column":13},"end":{"line":39,"column":null}},"1":{"start":{"line":20,"column":37},"end":{"line":20,"column":54}},"2":{"start":{"line":20,"column":54},"end":{"line":20,"column":null}},"3":{"start":{"line":21,"column":18},"end":{"line":21,"column":40}},"4":{"start":{"line":22,"column":16},"end":{"line":22,"column":39}},"5":{"start":{"line":23,"column":15},"end":{"line":23,"column":53}},"6":{"start":{"line":24,"column":15},"end":{"line":24,"column":16}},"7":{"start":{"line":25,"column":2},"end":{"line":37,"column":null}},"8":{"start":{"line":25,"column":15},"end":{"line":25,"column":16}},"9":{"start":{"line":26,"column":21},"end":{"line":26,"column":58}},"10":{"start":{"line":27,"column":19},"end":{"line":27,"column":86}},"11":{"start":{"line":28,"column":22},"end":{"line":28,"column":55}},"12":{"start":{"line":29,"column":20},"end":{"line":29,"column":90}},"13":{"start":{"line":30,"column":4},"end":{"line":36,"column":null}},"14":{"start":{"line":31,"column":6},"end":{"line":31,"column":null}},"15":{"start":{"line":32,"column":6},"end":{"line":32,"column":11}},"16":{"start":{"line":33,"column":11},"end":{"line":36,"column":null}},"17":{"start":{"line":34,"column":6},"end":{"line":34,"column":null}},"18":{"start":{"line":35,"column":6},"end":{"line":35,"column":11}},"19":{"start":{"line":38,"column":2},"end":{"line":38,"column":null}}},"fnMap":{"0":{"name":"(anonymous_0)","decl":{"start":{"line":20,"column":36},"end":{"line":20,"column":37}},"loc":{"start":{"line":20,"column":70},"end":{"line":39,"column":1}}}},"branchMap":{"0":{"loc":{"start":{"line":20,"column":37},"end":{"line":20,"column":54}},"type":"if","locations":[{"start":{"line":20,"column":37},"end":{"line":20,"column":54}},{"start":{"line":20,"column":37},"end":{"line":20,"column":54}}]},"1":{"loc":{"start":{"line":20,"column":54},"end":{"line":20,"column":null}},"type":"if","locations":[{"start":{"line":20,"column":54},"end":{"line":20,"column":null}},{"start":{"line":20,"column":54},"end":{"line":20,"column":null}}]},"2":{"loc":{"start":{"line":21,"column":28},"end":{"line":21,"column":30}},"type":"cond-expr","locations":[{"start":{"line":21,"column":28},"end":{"line":21,"column":30}},{"start":{"line":21,"column":18},"end":{"line":21,"column":40}}]},"3":{"loc":{"start":{"line":21,"column":18},"end":{"line":21,"column":30}},"type":"binary-expr","locations":[{"start":{"line":21,"column":18},"end":{"line":21,"column":30}},{"start":{"line":21,"column":18},"end":{"line":21,"column":30}}]},"4":{"loc":{"start":{"line":22,"column":27},"end":{"line":22,"column":29}},"type":"cond-expr","locations":[{"start":{"line":22,"column":27},"end":{"line":22,"column":29}},{"start":{"line":22,"column":16},"end":{"line":22,"column":39}}]},"5":{"loc":{"start":{"line":22,"column":16},"end":{"line":22,"column":29}},"type":"binary-expr","locations":[{"start":{"line":22,"column":16},"end":{"line":22,"column":29}},{"start":{"line":22,"column":16},"end":{"line":22,"column":29}}]},"6":{"loc":{"start":{"line":26,"column":42},"end":{"line":26,"column":52}},"type":"cond-expr","locations":[{"start":{"line":26,"column":42},"end":{"line":26,"column":52}},{"start":{"line":26,"column":55},"end":{"line":26,"column":58}}]},"7":{"loc":{"start":{"line":27,"column":45},"end":{"line":27,"column":67}},"type":"cond-expr","locations":[{"start":{"line":27,"column":45},"end":{"line":27,"column":67}},{"start":{"line":27,"column":70},"end":{"line":27,"column":86}}]},"8":{"loc":{"start":{"line":28,"column":41},"end":{"line":28,"column":49}},"type":"cond-expr","locations":[{"start":{"line":28,"column":41},"end":{"line":28,"column":49}},{"start":{"line":28,"column":52},"end":{"line":28,"column":55}}]},"9":{"loc":{"start":{"line":29,"column":47},"end":{"line":29,"column":70}},"type":"cond-expr","locations":[{"start":{"line":29,"column":47},"end":{"line":29,"column":70}},{"start":{"line":29,"column":73},"end":{"line":29,"column":90}}]},"10":{"loc":{"start":{"line":30,"column":4},"end":{"line":36,"column":null}},"type":"if","locations":[{"start":{"line":30,"column":4},"end":{"line":36,"column":null}},{"start":{"line":30,"column":4},"end":{"line":36,"column":null}}]},"11":{"loc":{"start":{"line":33,"column":11},"end":{"line":36,"column":null}},"type":"if","locations":[{"start":{"line":33,"column":11},"end":{"line":36,"column":null}},{"start":{"line":33,"column":11},"end":{"line":36,"column":null}}]}},"s":{"0":3,"1":3,"2":3,"3":3,"4":3,"5":3,"6":3,"7":3,"8":3,"9":9,"10":9,"11":9,"12":9,"13":9,"14":1,"15":1,"16":8,"17":1,"18":1,"19":3},"f":{"0":3},"b":{"0":[0,3],"1":[0,3],"2":[0,3],"3":[3,3],"4":[0,3],"5":[3,3],"6":[9,0],"7":[0,9],"8":[9,0],"9":[0,9],"10":[1,8],"11":[1,7]}}
,"/Users/jiaweibai/Desktop/practice/jevon-utils/src/random/genRandomColor.ts": {"path":"/Users/jiaweibai/Desktop/practice/jevon-utils/src/random/genRandomColor.ts","statementMap":{"0":{"start":{"line":11,"column":13},"end":{"line":13,"column":null}},"1":{"start":{"line":12,"column":2},"end":{"line":12,"column":83}}},"fnMap":{"0":{"name":"(anonymous_0)","decl":{"start":{"line":11,"column":30},"end":{"line":11,"column":null}},"loc":{"start":{"line":11,"column":30},"end":{"line":13,"column":1}}}},"branchMap":{},"s":{"0":3,"1":0},"f":{"0":0},"b":{}}
,"/Users/jiaweibai/Desktop/practice/jevon-utils/src/random/genRandomHeader.ts": {"path":"/Users/jiaweibai/Desktop/practice/jevon-utils/src/random/genRandomHeader.ts","statementMap":{"0":{"start":{"line":16,"column":13},"end":{"line":39,"column":null}},"1":{"start":{"line":17,"column":2},"end":{"line":19,"column":null}},"2":{"start":{"line":18,"column":4},"end":{"line":18,"column":21}},"3":{"start":{"line":20,"column":17},"end":{"line":22,"column":null}},"4":{"start":{"line":23,"column":2},"end":{"line":25,"column":null}},"5":{"start":{"line":24,"column":4},"end":{"line":24,"column":null}},"6":{"start":{"line":26,"column":12},"end":{"line":26,"column":44}},"7":{"start":{"line":27,"column":2},"end":{"line":27,"column":null}},"8":{"start":{"line":28,"column":2},"end":{"line":28,"column":null}},"9":{"start":{"line":29,"column":12},"end":{"line":29,"column":32}},"10":{"start":{"line":30,"column":2},"end":{"line":30,"column":null}},"11":{"start":{"line":31,"column":2},"end":{"line":31,"column":null}},"12":{"start":{"line":32,"column":2},"end":{"line":32,"column":null}},"13":{"start":{"line":33,"column":2},"end":{"line":33,"column":null}},"14":{"start":{"line":34,"column":2},"end":{"line":34,"column":null}},"15":{"start":{"line":35,"column":2},"end":{"line":35,"column":null}},"16":{"start":{"line":36,"column":2},"end":{"line":36,"column":null}},"17":{"start":{"line":38,"column":2},"end":{"line":38,"column":null}}},"fnMap":{"0":{"name":"(anonymous_0)","decl":{"start":{"line":16,"column":31},"end":{"line":16,"column":32}},"loc":{"start":{"line":16,"column":47},"end":{"line":39,"column":1}}}},"branchMap":{"0":{"loc":{"start":{"line":17,"column":2},"end":{"line":19,"column":null}},"type":"if","locations":[{"start":{"line":17,"column":2},"end":{"line":19,"column":null}},{"start":{"line":17,"column":2},"end":{"line":19,"column":null}}]},"1":{"loc":{"start":{"line":23,"column":2},"end":{"line":25,"column":null}},"type":"if","locations":[{"start":{"line":23,"column":2},"end":{"line":25,"column":null}},{"start":{"line":23,"column":2},"end":{"line":25,"column":null}}]}},"s":{"0":3,"1":0,"2":0,"3":0,"4":0,"5":0,"6":0,"7":0,"8":0,"9":0,"10":0,"11":0,"12":0,"13":0,"14":0,"15":0,"16":0,"17":0},"f":{"0":0},"b":{"0":[0,0],"1":[0,0]}}
,"/Users/jiaweibai/Desktop/practice/jevon-utils/src/random/genRandomNum.ts": {"path":"/Users/jiaweibai/Desktop/practice/jevon-utils/src/random/genRandomNum.ts","statementMap":{"0":{"start":{"line":14,"column":13},"end":{"line":17,"column":null}},"1":{"start":{"line":15,"column":2},"end":{"line":15,"column":null}},"2":{"start":{"line":15,"column":17},"end":{"line":15,"column":null}},"3":{"start":{"line":16,"column":2},"end":{"line":16,"column":null}}},"fnMap":{"0":{"name":"(anonymous_0)","decl":{"start":{"line":14,"column":28},"end":{"line":14,"column":29}},"loc":{"start":{"line":14,"column":53},"end":{"line":17,"column":1}}}},"branchMap":{"0":{"loc":{"start":{"line":15,"column":2},"end":{"line":15,"column":null}},"type":"if","locations":[{"start":{"line":15,"column":2},"end":{"line":15,"column":null}},{"start":{"line":15,"column":2},"end":{"line":15,"column":null}}]}},"s":{"0":3,"1":0,"2":0,"3":0},"f":{"0":0},"b":{"0":[0,0]}}
,"/Users/jiaweibai/Desktop/practice/jevon-utils/src/random/genRandomUUID.ts": {"path":"/Users/jiaweibai/Desktop/practice/jevon-utils/src/random/genRandomUUID.ts","statementMap":{"0":{"start":{"line":14,"column":13},"end":{"line":25,"column":null}},"1":{"start":{"line":15,"column":10},"end":{"line":15,"column":30}},"2":{"start":{"line":16,"column":2},"end":{"line":18,"column":null}},"3":{"start":{"line":17,"column":4},"end":{"line":17,"column":34}},"4":{"start":{"line":19,"column":15},"end":{"line":23,"column":4}},"5":{"start":{"line":20,"column":14},"end":{"line":20,"column":47}},"6":{"start":{"line":21,"column":4},"end":{"line":21,"column":null}},"7":{"start":{"line":22,"column":4},"end":{"line":22,"column":null}},"8":{"start":{"line":24,"column":2},"end":{"line":24,"column":null}}},"fnMap":{"0":{"name":"(anonymous_0)","decl":{"start":{"line":14,"column":29},"end":{"line":14,"column":null}},"loc":{"start":{"line":14,"column":29},"end":{"line":25,"column":1}}},"1":{"name":"(anonymous_1)","decl":{"start":{"line":19,"column":71},"end":{"line":19,"column":72}},"loc":{"start":{"line":19,"column":73},"end":{"line":23,"column":3}}}},"branchMap":{"0":{"loc":{"start":{"line":16,"column":2},"end":{"line":18,"column":null}},"type":"if","locations":[{"start":{"line":16,"column":2},"end":{"line":18,"column":null}},{"start":{"line":16,"column":2},"end":{"line":18,"column":null}}]},"1":{"loc":{"start":{"line":16,"column":6},"end":{"line":16,"column":32}},"type":"binary-expr","locations":[{"start":{"line":16,"column":6},"end":{"line":16,"column":32}},{"start":{"line":16,"column":36},"end":{"line":16,"column":54}},{"start":{"line":16,"column":58},"end":{"line":16,"column":102}}]},"2":{"loc":{"start":{"line":22,"column":23},"end":{"line":22,"column":24}},"type":"cond-expr","locations":[{"start":{"line":22,"column":23},"end":{"line":22,"column":24}},{"start":{"line":22,"column":28},"end":{"line":22,"column":41}}]}},"s":{"0":3,"1":0,"2":0,"3":0,"4":0,"5":0,"6":0,"7":0,"8":0},"f":{"0":0,"1":0},"b":{"0":[0,0],"1":[0,0,0],"2":[0,0]}}
,"/Users/jiaweibai/Desktop/practice/jevon-utils/src/random/index.ts": {"path":"/Users/jiaweibai/Desktop/practice/jevon-utils/src/random/index.ts","statementMap":{"0":{"start":{"line":1,"column":0},"end":{"line":1,"column":31}},"1":{"start":{"line":2,"column":0},"end":{"line":2,"column":32}},"2":{"start":{"line":3,"column":0},"end":{"line":3,"column":30}},"3":{"start":{"line":4,"column":0},"end":{"line":4,"column":33}}},"fnMap":{},"branchMap":{},"s":{"0":3,"1":3,"2":3,"3":3},"f":{},"b":{}}
,"/Users/jiaweibai/Desktop/practice/jevon-utils/src/storage/index.ts": {"path":"/Users/jiaweibai/Desktop/practice/jevon-utils/src/storage/index.ts","statementMap":{"0":{"start":{"line":5,"column":19},"end":{"line":11,"column":null}},"1":{"start":{"line":111,"column":2},"end":{"line":111,"column":7}},"2":{"start":{"line":14,"column":12},"end":{"line":92,"column":null}},"3":{"start":{"line":16,"column":4},"end":{"line":18,"column":null}},"4":{"start":{"line":17,"column":6},"end":{"line":17,"column":null}},"5":{"start":{"line":19,"column":4},"end":{"line":21,"column":null}},"6":{"start":{"line":20,"column":6},"end":{"line":20,"column":null}},"7":{"start":{"line":22,"column":4},"end":{"line":22,"column":null}},"8":{"start":{"line":23,"column":4},"end":{"line":23,"column":null}},"9":{"start":{"line":26,"column":4},"end":{"line":28,"column":null}},"10":{"start":{"line":27,"column":6},"end":{"line":27,"column":null}},"11":{"start":{"line":29,"column":17},"end":{"line":29,"column":42}},"12":{"start":{"line":30,"column":4},"end":{"line":32,"column":null}},"13":{"start":{"line":31,"column":6},"end":{"line":31,"column":null}},"14":{"start":{"line":33,"column":4},"end":{"line":33,"column":null}},"15":{"start":{"line":36,"column":4},"end":{"line":38,"column":null}},"16":{"start":{"line":37,"column":6},"end":{"line":37,"column":null}},"17":{"start":{"line":39,"column":14},"end":{"line":39,"column":16}},"18":{"start":{"line":40,"column":4},"end":{"line":44,"column":null}},"19":{"start":{"line":41,"column":6},"end":{"line":43,"column":null}},"20":{"start":{"line":42,"column":8},"end":{"line":42,"column":null}},"21":{"start":{"line":45,"column":4},"end":{"line":45,"column":null}},"22":{"start":{"line":48,"column":4},"end":{"line":50,"column":null}},"23":{"start":{"line":49,"column":6},"end":{"line":49,"column":null}},"24":{"start":{"line":51,"column":4},"end":{"line":51,"column":null}},"25":{"start":{"line":54,"column":4},"end":{"line":56,"column":null}},"26":{"start":{"line":55,"column":6},"end":{"line":55,"column":null}},"27":{"start":{"line":57,"column":4},"end":{"line":57,"column":null}},"28":{"start":{"line":60,"column":4},"end":{"line":62,"column":null}},"29":{"start":{"line":61,"column":6},"end":{"line":61,"column":null}},"30":{"start":{"line":63,"column":4},"end":{"line":67,"column":null}},"31":{"start":{"line":64,"column":6},"end":{"line":66,"column":null}},"32":{"start":{"line":65,"column":8},"end":{"line":65,"column":null}},"33":{"start":{"line":70,"column":4},"end":{"line":72,"column":null}},"34":{"start":{"line":71,"column":6},"end":{"line":71,"column":null}},"35":{"start":{"line":73,"column":4},"end":{"line":73,"column":null}},"36":{"start":{"line":76,"column":4},"end":{"line":80,"column":null}},"37":{"start":{"line":77,"column":6},"end":{"line":77,"column":null}},"38":{"start":{"line":79,"column":6},"end":{"line":79,"column":null}},"39":{"start":{"line":83,"column":4},"end":{"line":85,"column":null}},"40":{"start":{"line":84,"column":6},"end":{"line":84,"column":null}},"41":{"start":{"line":86,"column":4},"end":{"line":90,"column":null}},"42":{"start":{"line":87,"column":6},"end":{"line":87,"column":null}},"43":{"start":{"line":89,"column":6},"end":{"line":89,"column":null}},"44":{"start":{"line":95,"column":0},"end":{"line":95,"column":null}},"45":{"start":{"line":96,"column":0},"end":{"line":96,"column":null}},"46":{"start":{"line":99,"column":0},"end":{"line":108,"column":null}},"47":{"start":{"line":100,"column":16},"end":{"line":100,"column":26}},"48":{"start":{"line":101,"column":2},"end":{"line":101,"column":null}},"49":{"start":{"line":102,"column":2},"end":{"line":104,"column":null}},"50":{"start":{"line":103,"column":4},"end":{"line":103,"column":null}},"51":{"start":{"line":105,"column":2},"end":{"line":105,"column":null}},"52":{"start":{"line":107,"column":2},"end":{"line":107,"column":null}}},"fnMap":{"0":{"name":"(anonymous_0)","decl":{"start":{"line":15,"column":5},"end":{"line":15,"column":6}},"loc":{"start":{"line":15,"column":14},"end":{"line":24,"column":3}}},"1":{"name":"(anonymous_1)","decl":{"start":{"line":25,"column":5},"end":{"line":25,"column":6}},"loc":{"start":{"line":25,"column":14},"end":{"line":34,"column":3}}},"2":{"name":"(anonymous_2)","decl":{"start":{"line":35,"column":8},"end":{"line":35,"column":null}},"loc":{"start":{"line":35,"column":8},"end":{"line":46,"column":3}}},"3":{"name":"(anonymous_3)","decl":{"start":{"line":47,"column":8},"end":{"line":47,"column":9}},"loc":{"start":{"line":47,"column":12},"end":{"line":52,"column":3}}},"4":{"name":"(anonymous_4)","decl":{"start":{"line":53,"column":11},"end":{"line":53,"column":null}},"loc":{"start":{"line":53,"column":11},"end":{"line":58,"column":3}}},"5":{"name":"(anonymous_5)","decl":{"start":{"line":59,"column":9},"end":{"line":59,"column":10}},"loc":{"start":{"line":59,"column":12},"end":{"line":68,"column":3}}},"6":{"name":"(anonymous_6)","decl":{"start":{"line":69,"column":5},"end":{"line":69,"column":6}},"loc":{"start":{"line":69,"column":9},"end":{"line":74,"column":3}}},"7":{"name":"(anonymous_7)","decl":{"start":{"line":75,"column":11},"end":{"line":75,"column":12}},"loc":{"start":{"line":75,"column":15},"end":{"line":81,"column":3}}},"8":{"name":"(anonymous_8)","decl":{"start":{"line":82,"column":13},"end":{"line":82,"column":14}},"loc":{"start":{"line":82,"column":17},"end":{"line":91,"column":3}}}},"branchMap":{"0":{"loc":{"start":{"line":16,"column":4},"end":{"line":18,"column":null}},"type":"if","locations":[{"start":{"line":16,"column":4},"end":{"line":18,"column":null}},{"start":{"line":16,"column":4},"end":{"line":18,"column":null}}]},"1":{"loc":{"start":{"line":19,"column":4},"end":{"line":21,"column":null}},"type":"if","locations":[{"start":{"line":19,"column":4},"end":{"line":21,"column":null}},{"start":{"line":19,"column":4},"end":{"line":21,"column":null}}]},"2":{"loc":{"start":{"line":19,"column":8},"end":{"line":19,"column":25}},"type":"binary-expr","locations":[{"start":{"line":19,"column":8},"end":{"line":19,"column":25}},{"start":{"line":19,"column":29},"end":{"line":19,"column":39}},{"start":{"line":19,"column":43},"end":{"line":19,"column":55}}]},"3":{"loc":{"start":{"line":26,"column":4},"end":{"line":28,"column":null}},"type":"if","locations":[{"start":{"line":26,"column":4},"end":{"line":28,"column":null}},{"start":{"line":26,"column":4},"end":{"line":28,"column":null}}]},"4":{"loc":{"start":{"line":30,"column":4},"end":{"line":32,"column":null}},"type":"if","locations":[{"start":{"line":30,"column":4},"end":{"line":32,"column":null}},{"start":{"line":30,"column":4},"end":{"line":32,"column":null}}]},"5":{"loc":{"start":{"line":36,"column":4},"end":{"line":38,"column":null}},"type":"if","locations":[{"start":{"line":36,"column":4},"end":{"line":38,"column":null}},{"start":{"line":36,"column":4},"end":{"line":38,"column":null}}]},"6":{"loc":{"start":{"line":41,"column":6},"end":{"line":43,"column":null}},"type":"if","locations":[{"start":{"line":41,"column":6},"end":{"line":43,"column":null}},{"start":{"line":41,"column":6},"end":{"line":43,"column":null}}]},"7":{"loc":{"start":{"line":48,"column":4},"end":{"line":50,"column":null}},"type":"if","locations":[{"start":{"line":48,"column":4},"end":{"line":50,"column":null}},{"start":{"line":48,"column":4},"end":{"line":50,"column":null}}]},"8":{"loc":{"start":{"line":54,"column":4},"end":{"line":56,"column":null}},"type":"if","locations":[{"start":{"line":54,"column":4},"end":{"line":56,"column":null}},{"start":{"line":54,"column":4},"end":{"line":56,"column":null}}]},"9":{"loc":{"start":{"line":60,"column":4},"end":{"line":62,"column":null}},"type":"if","locations":[{"start":{"line":60,"column":4},"end":{"line":62,"column":null}},{"start":{"line":60,"column":4},"end":{"line":62,"column":null}}]},"10":{"loc":{"start":{"line":64,"column":6},"end":{"line":66,"column":null}},"type":"if","locations":[{"start":{"line":64,"column":6},"end":{"line":66,"column":null}},{"start":{"line":64,"column":6},"end":{"line":66,"column":null}}]},"11":{"loc":{"start":{"line":65,"column":8},"end":{"line":65,"column":10}},"type":"binary-expr","locations":[{"start":{"line":65,"column":8},"end":{"line":65,"column":10}},{"start":{"line":65,"column":14},"end":{"line":65,"column":36}}]},"12":{"loc":{"start":{"line":70,"column":4},"end":{"line":72,"column":null}},"type":"if","locations":[{"start":{"line":70,"column":4},"end":{"line":72,"column":null}},{"start":{"line":70,"column":4},"end":{"line":72,"column":null}}]},"13":{"loc":{"start":{"line":77,"column":13},"end":{"line":77,"column":32}},"type":"binary-expr","locations":[{"start":{"line":77,"column":13},"end":{"line":77,"column":32}},{"start":{"line":77,"column":36},"end":{"line":77,"column":45}}]},"14":{"loc":{"start":{"line":83,"column":4},"end":{"line":85,"column":null}},"type":"if","locations":[{"start":{"line":83,"column":4},"end":{"line":85,"column":null}},{"start":{"line":83,"column":4},"end":{"line":85,"column":null}}]},"15":{"loc":{"start":{"line":87,"column":13},"end":{"line":87,"column":28}},"type":"binary-expr","locations":[{"start":{"line":87,"column":13},"end":{"line":87,"column":28}},{"start":{"line":87,"column":32},"end":{"line":87,"column":41}}]},"16":{"loc":{"start":{"line":102,"column":2},"end":{"line":104,"column":null}},"type":"if","locations":[{"start":{"line":102,"column":2},"end":{"line":104,"column":null}},{"start":{"line":102,"column":2},"end":{"line":104,"column":null}}]}},"s":{"0":3,"1":3,"2":3,"3":3,"4":0,"5":3,"6":0,"7":3,"8":3,"9":3,"10":0,"11":3,"12":3,"13":0,"14":3,"15":0,"16":0,"17":0,"18":0,"19":0,"20":0,"21":0,"22":3,"23":0,"24":3,"25":0,"26":0,"27":0,"28":0,"29":0,"30":0,"31":0,"32":0,"33":0,"34":0,"35":0,"36":3,"37":3,"38":0,"39":3,"40":0,"41":3,"42":3,"43":0,"44":3,"45":3,"46":3,"47":3,"48":3,"49":3,"50":0,"51":3,"52":0},"f":{"0":3,"1":3,"2":0,"3":3,"4":0,"5":0,"6":0,"7":3,"8":3},"b":{"0":[0,3],"1":[0,3],"2":[3,3,3],"3":[0,3],"4":[0,3],"5":[0,0],"6":[0,0],"7":[0,3],"8":[0,0],"9":[0,0],"10":[0,0],"11":[0,0],"12":[0,0],"13":[3,0],"14":[0,3],"15":[3,0],"16":[0,3]}}
,"/Users/jiaweibai/Desktop/practice/jevon-utils/src/string/index.ts": {"path":"/Users/jiaweibai/Desktop/practice/jevon-utils/src/string/index.ts","statementMap":{"0":{"start":{"line":1,"column":0},"end":{"line":1,"column":32}}},"fnMap":{},"branchMap":{},"s":{"0":3},"f":{},"b":{}}
,"/Users/jiaweibai/Desktop/practice/jevon-utils/src/string/splitThousands.ts": {"path":"/Users/jiaweibai/Desktop/practice/jevon-utils/src/string/splitThousands.ts","statementMap":{"0":{"start":{"line":14,"column":13},"end":{"line":26,"column":null}},"1":{"start":{"line":15,"column":16},"end":{"line":15,"column":18}},"2":{"start":{"line":16,"column":12},"end":{"line":16,"column":18}},"3":{"start":{"line":17,"column":2},"end":{"line":17,"column":null}},"4":{"start":{"line":17,"column":15},"end":{"line":17,"column":null}},"5":{"start":{"line":18,"column":2},"end":{"line":20,"column":null}},"6":{"start":{"line":19,"column":4},"end":{"line":19,"column":38}},"7":{"start":{"line":21,"column":13},"end":{"line":21,"column":35}},"8":{"start":{"line":22,"column":2},"end":{"line":23,"column":null}},"9":{"start":{"line":23,"column":4},"end":{"line":23,"column":null}},"10":{"start":{"line":25,"column":2},"end":{"line":25,"column":null}}},"fnMap":{"0":{"name":"(anonymous_0)","decl":{"start":{"line":14,"column":30},"end":{"line":14,"column":31}},"loc":{"start":{"line":14,"column":45},"end":{"line":26,"column":1}}}},"branchMap":{"0":{"loc":{"start":{"line":17,"column":2},"end":{"line":17,"column":null}},"type":"if","locations":[{"start":{"line":17,"column":2},"end":{"line":17,"column":null}},{"start":{"line":17,"column":2},"end":{"line":17,"column":null}}]},"1":{"loc":{"start":{"line":18,"column":2},"end":{"line":20,"column":null}},"type":"if","locations":[{"start":{"line":18,"column":2},"end":{"line":20,"column":null}},{"start":{"line":18,"column":2},"end":{"line":20,"column":null}}]},"2":{"loc":{"start":{"line":22,"column":2},"end":{"line":23,"column":null}},"type":"if","locations":[{"start":{"line":22,"column":2},"end":{"line":23,"column":null}},{"start":{"line":22,"column":2},"end":{"line":23,"column":null}}]}},"s":{"0":3,"1":0,"2":0,"3":0,"4":0,"5":0,"6":0,"7":0,"8":0,"9":0,"10":0},"f":{"0":0},"b":{"0":[0,0],"1":[0,0],"2":[0,0]}}
,"/Users/jiaweibai/Desktop/practice/jevon-utils/src/style/index.ts": {"path":"/Users/jiaweibai/Desktop/practice/jevon-utils/src/style/index.ts","statementMap":{"0":{"start":{"line":1,"column":0},"end":{"line":1,"column":29}}},"fnMap":{},"branchMap":{},"s":{"0":3},"f":{},"b":{}}
,"/Users/jiaweibai/Desktop/practice/jevon-utils/src/style/prefixStyle.ts": {"path":"/Users/jiaweibai/Desktop/practice/jevon-utils/src/style/prefixStyle.ts","statementMap":{"0":{"start":{"line":4,"column":15},"end":{"line":21,"column":4}},"1":{"start":{"line":5,"column":23},"end":{"line":5,"column":58}},"2":{"start":{"line":6,"column":23},"end":{"line":12,"column":null}},"3":{"start":{"line":14,"column":2},"end":{"line":19,"column":null}},"4":{"start":{"line":15,"column":20},"end":{"line":15,"column":67}},"5":{"start":{"line":16,"column":4},"end":{"line":18,"column":null}},"6":{"start":{"line":17,"column":6},"end":{"line":17,"column":null}},"7":{"start":{"line":20,"column":2},"end":{"line":20,"column":null}},"8":{"start":{"line":40,"column":2},"end":{"line":42,"column":null}},"9":{"start":{"line":41,"column":4},"end":{"line":41,"column":null}},"10":{"start":{"line":43,"column":2},"end":{"line":45,"column":null}},"11":{"start":{"line":44,"column":4},"end":{"line":44,"column":null}},"12":{"start":{"line":46,"column":15},"end":{"line":46,"column":71}},"13":{"start":{"line":47,"column":2},"end":{"line":47,"column":null}},"14":{"start":{"line":39,"column":0},"end":{"line":39,"column":16}}},"fnMap":{"0":{"name":"(anonymous_0)","decl":{"start":{"line":4,"column":16},"end":{"line":4,"column":null}},"loc":{"start":{"line":4,"column":16},"end":{"line":21,"column":1}}},"1":{"name":"prefixStyle","decl":{"start":{"line":39,"column":16},"end":{"line":39,"column":27}},"loc":{"start":{"line":39,"column":41},"end":{"line":48,"column":1}}}},"branchMap":{"0":{"loc":{"start":{"line":16,"column":4},"end":{"line":18,"column":null}},"type":"if","locations":[{"start":{"line":16,"column":4},"end":{"line":18,"column":null}},{"start":{"line":16,"column":4},"end":{"line":18,"column":null}}]},"1":{"loc":{"start":{"line":40,"column":2},"end":{"line":42,"column":null}},"type":"if","locations":[{"start":{"line":40,"column":2},"end":{"line":42,"column":null}},{"start":{"line":40,"column":2},"end":{"line":42,"column":null}}]},"2":{"loc":{"start":{"line":43,"column":2},"end":{"line":45,"column":null}},"type":"if","locations":[{"start":{"line":43,"column":2},"end":{"line":45,"column":null}},{"start":{"line":43,"column":2},"end":{"line":45,"column":null}}]}},"s":{"0":3,"1":3,"2":3,"3":3,"4":3,"5":3,"6":3,"7":0,"8":0,"9":0,"10":0,"11":0,"12":0,"13":0,"14":3},"f":{"0":3,"1":0},"b":{"0":[3,0],"1":[0,0],"2":[0,0]}}
,"/Users/jiaweibai/Desktop/practice/jevon-utils/src/url/getParamByName.ts": {"path":"/Users/jiaweibai/Desktop/practice/jevon-utils/src/url/getParamByName.ts","statementMap":{"0":{"start":{"line":14,"column":13},"end":{"line":22,"column":null}},"1":{"start":{"line":15,"column":2},"end":{"line":15,"column":null}},"2":{"start":{"line":15,"column":12},"end":{"line":15,"column":null}},"3":{"start":{"line":16,"column":2},"end":{"line":16,"column":null}},"4":{"start":{"line":17,"column":16},"end":{"line":17,"column":63}},"5":{"start":{"line":18,"column":14},"end":{"line":18,"column":29}},"6":{"start":{"line":19,"column":2},"end":{"line":19,"column":null}},"7":{"start":{"line":19,"column":16},"end":{"line":19,"column":null}},"8":{"start":{"line":20,"column":2},"end":{"line":20,"column":null}},"9":{"start":{"line":20,"column":19},"end":{"line":20,"column":null}},"10":{"start":{"line":21,"column":2},"end":{"line":21,"column":null}}},"fnMap":{"0":{"name":"(anonymous_0)","decl":{"start":{"line":14,"column":30},"end":{"line":14,"column":31}},"loc":{"start":{"line":14,"column":57},"end":{"line":22,"column":1}}}},"branchMap":{"0":{"loc":{"start":{"line":15,"column":2},"end":{"line":15,"column":null}},"type":"if","locations":[{"start":{"line":15,"column":2},"end":{"line":15,"column":null}},{"start":{"line":15,"column":2},"end":{"line":15,"column":null}}]},"1":{"loc":{"start":{"line":19,"column":2},"end":{"line":19,"column":null}},"type":"if","locations":[{"start":{"line":19,"column":2},"end":{"line":19,"column":null}},{"start":{"line":19,"column":2},"end":{"line":19,"column":null}}]},"2":{"loc":{"start":{"line":20,"column":2},"end":{"line":20,"column":null}},"type":"if","locations":[{"start":{"line":20,"column":2},"end":{"line":20,"column":null}},{"start":{"line":20,"column":2},"end":{"line":20,"column":null}}]}},"s":{"0":3,"1":2,"2":0,"3":2,"4":2,"5":2,"6":2,"7":0,"8":2,"9":0,"10":2},"f":{"0":2},"b":{"0":[0,2],"1":[0,2],"2":[0,2]}}
,"/Users/jiaweibai/Desktop/practice/jevon-utils/src/url/index.ts": {"path":"/Users/jiaweibai/Desktop/practice/jevon-utils/src/url/index.ts","statementMap":{"0":{"start":{"line":1,"column":0},"end":{"line":1,"column":32}}},"fnMap":{},"branchMap":{},"s":{"0":3},"f":{},"b":{}}
}
